<?xml version="1.0" encoding="UTF-8"?>
<!-- Generated by org.testng.reporters.JUnitXMLReporter -->
<testsuite ignored="0" hostname="Ameet" failures="9" tests="11" name="Test" time="55.529" errors="0" timestamp="2025-07-11T19:18:22 IST">
  <testcase classname="testcases.RestAssured_TestCases" name="loginWithSeleniumAndGetCookie" time="34.41"/>
  <testcase classname="testcases.RestAssured_TestCases" name="getSubunitsTree" time="0.031">
    <failure type="java.lang.NullPointerException" message="Cannot invoke &amp;quot;java.util.List.isEmpty()&amp;quot; because &amp;quot;itemIds&amp;quot; is null">
      <![CDATA[java.lang.NullPointerException: Cannot invoke "java.util.List.isEmpty()" because "itemIds" is null
at testcases.RestAssured_TestCases.getSubunitsTree(RestAssured_TestCases.java:112)
at java.base/java.util.concurrent.ThreadPoolExecutor.runWorker(ThreadPoolExecutor.java:1136)
at java.base/java.util.concurrent.ThreadPoolExecutor$Worker.run(ThreadPoolExecutor.java:635)
at java.base/java.lang.Thread.run(Thread.java:833)
... Removed 12 stack frames]]>
    </failure>
  </testcase> <!-- getSubunitsTree -->
  <testcase classname="testcases.RestAssured_TestCases" name="getAdminSkills" time="0.011">
    <failure type="java.lang.NullPointerException" message="Cannot invoke &amp;quot;java.util.List.isEmpty()&amp;quot; because &amp;quot;itemIds&amp;quot; is null">
      <![CDATA[java.lang.NullPointerException: Cannot invoke "java.util.List.isEmpty()" because "itemIds" is null
at testcases.RestAssured_TestCases.getAdminSkills(RestAssured_TestCases.java:149)
at java.base/java.util.concurrent.ThreadPoolExecutor.runWorker(ThreadPoolExecutor.java:1136)
at java.base/java.util.concurrent.ThreadPoolExecutor$Worker.run(ThreadPoolExecutor.java:635)
at java.base/java.lang.Thread.run(Thread.java:833)
... Removed 12 stack frames]]>
    </failure>
  </testcase> <!-- getAdminSkills -->
  <testcase classname="testcases.RestAssured_TestCases" name="getAdminEdu" time="0.01">
    <failure type="java.lang.NullPointerException" message="Cannot invoke &amp;quot;java.util.List.isEmpty()&amp;quot; because &amp;quot;itemIds&amp;quot; is null">
      <![CDATA[java.lang.NullPointerException: Cannot invoke "java.util.List.isEmpty()" because "itemIds" is null
at testcases.RestAssured_TestCases.getAdminEdu(RestAssured_TestCases.java:182)
at java.base/java.util.concurrent.ThreadPoolExecutor.runWorker(ThreadPoolExecutor.java:1136)
at java.base/java.util.concurrent.ThreadPoolExecutor$Worker.run(ThreadPoolExecutor.java:635)
at java.base/java.lang.Thread.run(Thread.java:833)
... Removed 12 stack frames]]>
    </failure>
  </testcase> <!-- getAdminEdu -->
  <testcase classname="testcases.RestAssured_TestCases" name="getAdminLicenses" time="0.049">
    <failure type="java.lang.AssertionError" message="getAdminLicenses must be implementated using the Rest assured  methods only! expected [true] but found [false]">
      <![CDATA[java.lang.AssertionError: getAdminLicenses must be implementated using the Rest assured  methods only! expected [true] but found [false]
at testcases.RestAssured_TestCases.getAdminLicenses(RestAssured_TestCases.java:217)
at java.base/java.util.concurrent.ThreadPoolExecutor.runWorker(ThreadPoolExecutor.java:1136)
at java.base/java.util.concurrent.ThreadPoolExecutor$Worker.run(ThreadPoolExecutor.java:635)
at java.base/java.lang.Thread.run(Thread.java:833)
... Removed 15 stack frames]]>
    </failure>
  </testcase> <!-- getAdminLicenses -->
  <testcase classname="testcases.RestAssured_TestCases" name="getAdminLanguages" time="0.01">
    <failure type="java.lang.AssertionError" message="getAdminLanguages must be implementated using the Rest assured  methods only! expected [true] but found [false]">
      <![CDATA[java.lang.AssertionError: getAdminLanguages must be implementated using the Rest assured  methods only! expected [true] but found [false]
at testcases.RestAssured_TestCases.getAdminLanguages(RestAssured_TestCases.java:259)
at java.base/java.util.concurrent.ThreadPoolExecutor.runWorker(ThreadPoolExecutor.java:1136)
at java.base/java.util.concurrent.ThreadPoolExecutor$Worker.run(ThreadPoolExecutor.java:635)
at java.base/java.lang.Thread.run(Thread.java:833)
... Removed 15 stack frames]]>
    </failure>
  </testcase> <!-- getAdminLanguages -->
  <testcase classname="testcases.RestAssured_TestCases" name="postNewJobTitles" time="3.002">
    <failure type="java.lang.AssertionError" message="postNewJobTitles must be implementated using the Rest assured  methods only! expected [true] but found [false]">
      <![CDATA[java.lang.AssertionError: postNewJobTitles must be implementated using the Rest assured  methods only! expected [true] but found [false]
at testcases.RestAssured_TestCases.postNewJobTitles(RestAssured_TestCases.java:344)
at java.base/java.util.concurrent.ThreadPoolExecutor.runWorker(ThreadPoolExecutor.java:1136)
at java.base/java.util.concurrent.ThreadPoolExecutor$Worker.run(ThreadPoolExecutor.java:635)
at java.base/java.lang.Thread.run(Thread.java:833)
... Removed 15 stack frames]]>
    </failure>
  </testcase> <!-- postNewJobTitles -->
  <testcase classname="testcases.RestAssured_TestCases" name="putJobTitleByID" time="0.125">
    <failure type="java.lang.NullPointerException" message="Cannot invoke &amp;quot;java.util.List.isEmpty()&amp;quot; because &amp;quot;title&amp;quot; is null">
      <![CDATA[java.lang.NullPointerException: Cannot invoke "java.util.List.isEmpty()" because "title" is null
at testcases.RestAssured_TestCases.putJobTitleByID(RestAssured_TestCases.java:380)
at java.base/java.util.concurrent.ThreadPoolExecutor.runWorker(ThreadPoolExecutor.java:1136)
at java.base/java.util.concurrent.ThreadPoolExecutor$Worker.run(ThreadPoolExecutor.java:635)
at java.base/java.lang.Thread.run(Thread.java:833)
... Removed 12 stack frames]]>
    </failure>
  </testcase> <!-- putJobTitleByID -->
  <testcase classname="testcases.RestAssured_TestCases" name="postUniquePaygrade" time="0.131">
    <failure type="java.lang.NullPointerException" message="Cannot invoke &amp;quot;java.lang.Integer.intValue()&amp;quot; because the return value of &amp;quot;rest.CustomResponse.getId2()&amp;quot; is null">
      <![CDATA[java.lang.NullPointerException: Cannot invoke "java.lang.Integer.intValue()" because the return value of "rest.CustomResponse.getId2()" is null
at testcases.RestAssured_TestCases.postUniquePaygrade(RestAssured_TestCases.java:421)
at java.base/java.util.concurrent.ThreadPoolExecutor.runWorker(ThreadPoolExecutor.java:1136)
at java.base/java.util.concurrent.ThreadPoolExecutor$Worker.run(ThreadPoolExecutor.java:635)
at java.base/java.lang.Thread.run(Thread.java:833)
... Removed 12 stack frames]]>
    </failure>
  </testcase> <!-- postUniquePaygrade -->
  <testcase classname="testcases.RestAssured_TestCases" name="deleteValidUsers" time="12.251">
    <failure type="java.lang.AssertionError" message="Expected status code 200 for success. expected [200] but found [0]">
      <![CDATA[java.lang.AssertionError: Expected status code 200 for success. expected [200] but found [0]
at testcases.RestAssured_TestCases.deleteValidUsers(RestAssured_TestCases.java:309)
at java.base/java.util.concurrent.ThreadPoolExecutor.runWorker(ThreadPoolExecutor.java:1136)
at java.base/java.util.concurrent.ThreadPoolExecutor$Worker.run(ThreadPoolExecutor.java:635)
at java.base/java.lang.Thread.run(Thread.java:833)
... Removed 18 stack frames]]>
    </failure>
  </testcase> <!-- deleteValidUsers -->
  <testcase classname="testcases.RestAssured_TestCases" name="deletePaygradeById" time="0.0">
    <skipped/>
  </testcase> <!-- deletePaygradeById -->
</testsuite> <!-- Test -->
